# JRE version: OpenJDK Runtime Environment (10.0.2+13) (build 10.0.2+13-Ubuntu-1ubuntu0.18.04.3)
# Java VM: OpenJDK 64-Bit Server VM (10.0.2+13-Ubuntu-1ubuntu0.18.04.3, mixed mode, tiered, compressed oops, g1 gc, linux-amd64)
Heap:
 garbage-first heap   total 824320K, used 81000K [0x0000000089800000, 0x0000000100000000)
  region size 1024K, 23 young (23552K), 23 survivors (23552K)
 Metaspace       used 17060K, capacity 17444K, committed 17664K, reserved 1064960K
  class space    used 1581K, capacity 1775K, committed 1792K, reserved 1048576K
GC Heap History (10 events):
Event: 9.377 GC heap after
{Heap after GC invocations=73 (full 0):
 garbage-first heap   total 372736K, used 66048K [0x0000000089800000, 0x0000000100000000)
  region size 1024K, 19 young (19456K), 19 survivors (19456K)
 Metaspace       used 17025K, capacity 17444K, committed 17664K, reserved 1064960K
  class space    used 1581K, capacity 1775K, committed 1792K, reserved 1048576K
}
Event: 9.542 GC heap before
{Heap before GC invocations=73 (full 0):
 garbage-first heap   total 372736K, used 269824K [0x0000000089800000, 0x0000000100000000)
  region size 1024K, 218 young (223232K), 19 survivors (19456K)
 Metaspace       used 17043K, capacity 17444K, committed 17664K, reserved 1064960K
  class space    used 1581K, capacity 1775K, committed 1792K, reserved 1048576K
}
Event: 9.578 GC heap after
{Heap after GC invocations=74 (full 0):
 garbage-first heap   total 662528K, used 76392K [0x0000000089800000, 0x0000000100000000)
  region size 1024K, 19 young (19456K), 19 survivors (19456K)
 Metaspace       used 17043K, capacity 17444K, committed 17664K, reserved 1064960K
  class space    used 1581K, capacity 1775K, committed 1792K, reserved 1048576K
}
Event: 11.029 GC heap before
{Heap before GC invocations=74 (full 0):
 garbage-first heap   total 662528K, used 454248K [0x0000000089800000, 0x0000000100000000)
  region size 1024K, 388 young (397312K), 19 survivors (19456K)
 Metaspace       used 17047K, capacity 17444K, committed 17664K, reserved 1064960K
  class space    used 1581K, capacity 1775K, committed 1792K, reserved 1048576K
}
Event: 11.061 GC heap after
{Heap after GC invocations=75 (full 0):
 garbage-first heap   total 662528K, used 77928K [0x0000000089800000, 0x0000000100000000)
  region size 1024K, 21 young (21504K), 21 survivors (21504K)
 Metaspace       used 17047K, capacity 17444K, committed 17664K, reserved 1064960K
  class space    used 1581K, capacity 1775K, committed 1792K, reserved 1048576K
}
Event: 11.548 GC heap before
{Heap before GC invocations=75 (full 0):
 garbage-first heap   total 662528K, used 454760K [0x0000000089800000, 0x0000000100000000)
  region size 1024K, 388 young (397312K), 21 survivors (21504K)
 Metaspace       used 17056K, capacity 17444K, committed 17664K, reserved 1064960K
  class space    used 1581K, capacity 1775K, committed 1792K, reserved 1048576K
}
Event: 11.584 GC heap after
{Heap after GC invocations=76 (full 0):
 garbage-first heap   total 662528K, used 81000K [0x0000000089800000, 0x0000000100000000)
  region size 1024K, 23 young (23552K), 23 survivors (23552K)
 Metaspace       used 17056K, capacity 17444K, committed 17664K, reserved 1064960K
  class space    used 1581K, capacity 1775K, committed 1792K, reserved 1048576K
}
Event: 11.927 GC heap before
{Heap before GC invocations=76 (full 0):
 garbage-first heap   total 662528K, used 454760K [0x0000000089800000, 0x0000000100000000)
  region size 1024K, 388 young (397312K), 23 survivors (23552K)
 Metaspace       used 17060K, capacity 17444K, committed 17664K, reserved 1064960K
  class space    used 1581K, capacity 1775K, committed 1792K, reserved 1048576K
}
Event: 11.960 GC heap after
{Heap after GC invocations=77 (full 0):
 garbage-first heap   total 662528K, used 81000K [0x0000000089800000, 0x0000000100000000)
  region size 1024K, 23 young (23552K), 23 survivors (23552K)
 Metaspace       used 17060K, capacity 17444K, committed 17664K, reserved 1064960K
  class space    used 1581K, capacity 1775K, committed 1792K, reserved 1048576K
}
Event: 12.344 GC heap before
{Heap before GC invocations=77 (full 0):
 garbage-first heap   total 662528K, used 454760K [0x0000000089800000, 0x0000000100000000)
  region size 1024K, 388 young (397312K), 23 survivors (23552K)
 Metaspace       used 17060K, capacity 17444K, committed 17664K, reserved 1064960K
  class space    used 1581K, capacity 1775K, committed 1792K, reserved 1048576K
}

