# JRE version: OpenJDK Runtime Environment (10.0.2+13) (build 10.0.2+13-Ubuntu-1ubuntu0.18.04.3)
# Java VM: OpenJDK 64-Bit Server VM (10.0.2+13-Ubuntu-1ubuntu0.18.04.3, mixed mode, tiered, compressed oops, g1 gc, linux-amd64)
Heap:
 garbage-first heap   total 676864K, used 79360K [0x0000000089800000, 0x0000000100000000)
  region size 1024K, 15 young (15360K), 15 survivors (15360K)
 Metaspace       used 17037K, capacity 17444K, committed 17664K, reserved 1064960K
  class space    used 1586K, capacity 1775K, committed 1792K, reserved 1048576K
GC Heap History (10 events):
Event: 6.415 GC heap after
{Heap after GC invocations=30 (full 0):
 garbage-first heap   total 300032K, used 56681K [0x0000000089800000, 0x0000000100000000)
  region size 1024K, 14 young (14336K), 14 survivors (14336K)
 Metaspace       used 17003K, capacity 17380K, committed 17664K, reserved 1064960K
  class space    used 1586K, capacity 1775K, committed 1792K, reserved 1048576K
}
Event: 6.520 GC heap before
{Heap before GC invocations=30 (full 0):
 garbage-first heap   total 300032K, used 221545K [0x0000000089800000, 0x0000000100000000)
  region size 1024K, 175 young (179200K), 14 survivors (14336K)
 Metaspace       used 17003K, capacity 17380K, committed 17664K, reserved 1064960K
  class space    used 1586K, capacity 1775K, committed 1792K, reserved 1048576K
}
Event: 6.565 GC heap after
{Heap after GC invocations=31 (full 0):
 garbage-first heap   total 360448K, used 64800K [0x0000000089800000, 0x0000000100000000)
  region size 1024K, 16 young (16384K), 16 survivors (16384K)
 Metaspace       used 17003K, capacity 17380K, committed 17664K, reserved 1064960K
  class space    used 1586K, capacity 1775K, committed 1792K, reserved 1048576K
}
Event: 6.861 GC heap before
{Heap before GC invocations=31 (full 0):
 garbage-first heap   total 360448K, used 261408K [0x0000000089800000, 0x0000000100000000)
  region size 1024K, 208 young (212992K), 16 survivors (16384K)
 Metaspace       used 17023K, capacity 17444K, committed 17664K, reserved 1064960K
  class space    used 1586K, capacity 1775K, committed 1792K, reserved 1048576K
}
Event: 6.898 GC heap after
{Heap after GC invocations=32 (full 0):
 garbage-first heap   total 360448K, used 75255K [0x0000000089800000, 0x0000000100000000)
  region size 1024K, 18 young (18432K), 18 survivors (18432K)
 Metaspace       used 17023K, capacity 17444K, committed 17664K, reserved 1064960K
  class space    used 1586K, capacity 1775K, committed 1792K, reserved 1048576K
}
Event: 7.315 GC heap before
{Heap before GC invocations=32 (full 0):
 garbage-first heap   total 360448K, used 272887K [0x0000000089800000, 0x0000000100000000)
  region size 1024K, 211 young (216064K), 18 survivors (18432K)
 Metaspace       used 17027K, capacity 17444K, committed 17664K, reserved 1064960K
  class space    used 1586K, capacity 1775K, committed 1792K, reserved 1048576K
}
Event: 7.346 GC heap after
{Heap after GC invocations=33 (full 0):
 garbage-first heap   total 360448K, used 77312K [0x0000000089800000, 0x0000000100000000)
  region size 1024K, 13 young (13312K), 13 survivors (13312K)
 Metaspace       used 17027K, capacity 17444K, committed 17664K, reserved 1064960K
  class space    used 1586K, capacity 1775K, committed 1792K, reserved 1048576K
}
Event: 7.670 GC heap before
{Heap before GC invocations=33 (full 0):
 garbage-first heap   total 360448K, used 279040K [0x0000000089800000, 0x0000000100000000)
  region size 1024K, 210 young (215040K), 13 survivors (13312K)
 Metaspace       used 17027K, capacity 17444K, committed 17664K, reserved 1064960K
  class space    used 1586K, capacity 1775K, committed 1792K, reserved 1048576K
}
Event: 7.690 GC heap after
{Heap after GC invocations=34 (full 0):
 garbage-first heap   total 360448K, used 78336K [0x0000000089800000, 0x0000000100000000)
  region size 1024K, 14 young (14336K), 14 survivors (14336K)
 Metaspace       used 17027K, capacity 17444K, committed 17664K, reserved 1064960K
  class space    used 1586K, capacity 1775K, committed 1792K, reserved 1048576K
}
Event: 7.952 GC heap before
{Heap before GC invocations=34 (full 0):
 garbage-first heap   total 360448K, used 280064K [0x0000000089800000, 0x0000000100000000)
  region size 1024K, 211 young (216064K), 14 survivors (14336K)
 Metaspace       used 17037K, capacity 17444K, committed 17664K, reserved 1064960K
  class space    used 1586K, capacity 1775K, committed 1792K, reserved 1048576K
}

