# JRE version: OpenJDK Runtime Environment (10.0.2+13) (build 10.0.2+13-Ubuntu-1ubuntu0.18.04.3)
# Java VM: OpenJDK 64-Bit Server VM (10.0.2+13-Ubuntu-1ubuntu0.18.04.3, mixed mode, tiered, compressed oops, g1 gc, linux-amd64)
Heap:
 garbage-first heap   total 626688K, used 30166K [0x0000000089800000, 0x0000000100000000)
  region size 1024K, 1 young (1024K), 1 survivors (1024K)
 Metaspace       used 15662K, capacity 16046K, committed 16384K, reserved 1064960K
  class space    used 1465K, capacity 1672K, committed 1792K, reserved 1048576K
GC Heap History (10 events):
Event: 4.258 GC heap after
{Heap after GC invocations=35 (full 0):
 garbage-first heap   total 333824K, used 30163K [0x0000000089800000, 0x0000000100000000)
  region size 1024K, 1 young (1024K), 1 survivors (1024K)
 Metaspace       used 15637K, capacity 16046K, committed 16384K, reserved 1064960K
  class space    used 1465K, capacity 1672K, committed 1792K, reserved 1048576K
}
Event: 4.403 GC heap before
{Heap before GC invocations=35 (full 0):
 garbage-first heap   total 333824K, used 228819K [0x0000000089800000, 0x0000000100000000)
  region size 1024K, 195 young (199680K), 1 survivors (1024K)
 Metaspace       used 15641K, capacity 16046K, committed 16384K, reserved 1064960K
  class space    used 1465K, capacity 1672K, committed 1792K, reserved 1048576K
}
Event: 4.423 GC heap after
{Heap after GC invocations=36 (full 0):
 garbage-first heap   total 333824K, used 30161K [0x0000000089800000, 0x0000000100000000)
  region size 1024K, 1 young (1024K), 1 survivors (1024K)
 Metaspace       used 15641K, capacity 16046K, committed 16384K, reserved 1064960K
  class space    used 1465K, capacity 1672K, committed 1792K, reserved 1048576K
}
Event: 4.577 GC heap before
{Heap before GC invocations=36 (full 0):
 garbage-first heap   total 333824K, used 228817K [0x0000000089800000, 0x0000000100000000)
  region size 1024K, 195 young (199680K), 1 survivors (1024K)
 Metaspace       used 15656K, capacity 16046K, committed 16384K, reserved 1064960K
  class space    used 1465K, capacity 1672K, committed 1792K, reserved 1048576K
}
Event: 4.580 GC heap after
{Heap after GC invocations=37 (full 0):
 garbage-first heap   total 333824K, used 30163K [0x0000000089800000, 0x0000000100000000)
  region size 1024K, 1 young (1024K), 1 survivors (1024K)
 Metaspace       used 15656K, capacity 16046K, committed 16384K, reserved 1064960K
  class space    used 1465K, capacity 1672K, committed 1792K, reserved 1048576K
}
Event: 4.725 GC heap before
{Heap before GC invocations=37 (full 0):
 garbage-first heap   total 333824K, used 228819K [0x0000000089800000, 0x0000000100000000)
  region size 1024K, 195 young (199680K), 1 survivors (1024K)
 Metaspace       used 15659K, capacity 16046K, committed 16384K, reserved 1064960K
  class space    used 1465K, capacity 1672K, committed 1792K, reserved 1048576K
}
Event: 4.726 GC heap after
{Heap after GC invocations=38 (full 0):
 garbage-first heap   total 333824K, used 30163K [0x0000000089800000, 0x0000000100000000)
  region size 1024K, 1 young (1024K), 1 survivors (1024K)
 Metaspace       used 15659K, capacity 16046K, committed 16384K, reserved 1064960K
  class space    used 1465K, capacity 1672K, committed 1792K, reserved 1048576K
}
Event: 4.886 GC heap before
{Heap before GC invocations=38 (full 0):
 garbage-first heap   total 333824K, used 228819K [0x0000000089800000, 0x0000000100000000)
  region size 1024K, 195 young (199680K), 1 survivors (1024K)
 Metaspace       used 15661K, capacity 16046K, committed 16384K, reserved 1064960K
  class space    used 1465K, capacity 1672K, committed 1792K, reserved 1048576K
}
Event: 4.901 GC heap after
{Heap after GC invocations=39 (full 0):
 garbage-first heap   total 333824K, used 30166K [0x0000000089800000, 0x0000000100000000)
  region size 1024K, 1 young (1024K), 1 survivors (1024K)
 Metaspace       used 15661K, capacity 16046K, committed 16384K, reserved 1064960K
  class space    used 1465K, capacity 1672K, committed 1792K, reserved 1048576K
}
Event: 5.029 GC heap before
{Heap before GC invocations=39 (full 0):
 garbage-first heap   total 333824K, used 228822K [0x0000000089800000, 0x0000000100000000)
  region size 1024K, 195 young (199680K), 1 survivors (1024K)
 Metaspace       used 15662K, capacity 16046K, committed 16384K, reserved 1064960K
  class space    used 1465K, capacity 1672K, committed 1792K, reserved 1048576K
}

